<?xml version="1.0" encoding="UTF-8"?>
<!-- Generated by org.testng.reporters.JUnitXMLReporter -->
<testsuite ignored="0" hostname="DESKTOP-TQBE52O" failures="3" tests="22" name="Edge Test" time="1098.296" errors="0" timestamp="2026-09-07T16:49:08 IST">
  <testcase classname="io.cucumber.testng.AbstractTestNGCucumberTests" name="runScenario" time="88.708"/>
  <testcase classname="io.cucumber.testng.AbstractTestNGCucumberTests" name="runScenario" time="72.939"/>
  <testcase classname="io.cucumber.testng.AbstractTestNGCucumberTests" name="runScenario" time="66.515"/>
  <testcase classname="io.cucumber.testng.AbstractTestNGCucumberTests" name="runScenario" time="83.682"/>
  <testcase classname="io.cucumber.testng.AbstractTestNGCucumberTests" name="runScenario" time="38.79"/>
  <testcase classname="io.cucumber.testng.AbstractTestNGCucumberTests" name="runScenario" time="68.787"/>
  <testcase classname="io.cucumber.testng.AbstractTestNGCucumberTests" name="runScenario" time="89.021">
    <failure type="org.openqa.selenium.InvalidElementStateException" message="invalid element state
  (Session info: MicrosoftEdge=152.0.4191.66)
Build info: version: &amp;apos;4.35.0&amp;apos;, revision: &amp;apos;1c58e5028b&amp;apos;
System info: os.name: &amp;apos;Windows 10&amp;apos;, os.arch: &amp;apos;amd64&amp;apos;, os.version: &amp;apos;10.0&amp;apos;, java.version: &amp;apos;21.0.12&amp;apos;
Driver info: org.openqa.selenium.edge.EdgeDriver
Command: [6bdf1d172f422cf5ecb9b515a237f59b, clearElement {id=f.4F92DEC06FF940C565A20B8C42A6671A.d.E5A901018A010AE8CB441458BDE79979.e.69}]
Capabilities {acceptInsecureCerts: false, browserName: MicrosoftEdge, browserVersion: 152.0.4191.66, fedcm:accounts: true, goog:processID: 20696, ms:edgeOptions: {debuggerAddress: localhost:56250}, msedge: {msedgedriverVersion: 152.0.4191.66 (cc2931e6363a..., userDataDir: C:\Users\Admin\AppData\Loca...}, networkConnectionEnabled: false, pageLoadStrategy: normal, platformName: windows, proxy: Proxy(), se:cdp: ws://localhost:56250/devtoo..., se:cdpVersion: 152.0.4191.66, setWindowRect: true, strictFileInteractability: false, timeouts: {implicit: 0, pageLoad: 300000, script: 30000}, unhandledPromptBehavior: dismiss and notify, webauthn:extension:credBlob: true, webauthn:extension:largeBlob: true, webauthn:extension:minPinLength: true, webauthn:extension:prf: true, webauthn:virtualAuthenticators: true}
Element: [[EdgeDriver: MicrosoftEdge on windows (6bdf1d172f422cf5ecb9b515a237f59b)] -&amp;gt; xpath: (//input[@id=&amp;apos;button-search&amp;apos;])[1]]
Session ID: 6bdf1d172f422cf5ecb9b515a237f59b">
      <![CDATA[org.openqa.selenium.InvalidElementStateException: invalid element state
  (Session info: MicrosoftEdge=152.0.4191.66)
Build info: version: '4.35.0', revision: '1c58e5028b'
System info: os.name: 'Windows 10', os.arch: 'amd64', os.version: '10.0', java.version: '21.0.12'
Driver info: org.openqa.selenium.edge.EdgeDriver
Command: [6bdf1d172f422cf5ecb9b515a237f59b, clearElement {id=f.4F92DEC06FF940C565A20B8C42A6671A.d.E5A901018A010AE8CB441458BDE79979.e.69}]
Capabilities {acceptInsecureCerts: false, browserName: MicrosoftEdge, browserVersion: 152.0.4191.66, fedcm:accounts: true, goog:processID: 20696, ms:edgeOptions: {debuggerAddress: localhost:56250}, msedge: {msedgedriverVersion: 152.0.4191.66 (cc2931e6363a..., userDataDir: C:\Users\Admin\AppData\Loca...}, networkConnectionEnabled: false, pageLoadStrategy: normal, platformName: windows, proxy: Proxy(), se:cdp: ws://localhost:56250/devtoo..., se:cdpVersion: 152.0.4191.66, setWindowRect: true, strictFileInteractability: false, timeouts: {implicit: 0, pageLoad: 300000, script: 30000}, unhandledPromptBehavior: dismiss and notify, webauthn:extension:credBlob: true, webauthn:extension:largeBlob: true, webauthn:extension:minPinLength: true, webauthn:extension:prf: true, webauthn:virtualAuthenticators: true}
Element: [[EdgeDriver: MicrosoftEdge on windows (6bdf1d172f422cf5ecb9b515a237f59b)] -> xpath: (//input[@id='button-search'])[1]]
Session ID: 6bdf1d172f422cf5ecb9b515a237f59b
at org.openqa.selenium.remote.ErrorCodec.decode(ErrorCodec.java:167)
at org.openqa.selenium.remote.codec.w3c.W3CHttpResponseCodec.decode(W3CHttpResponseCodec.java:138)
at org.openqa.selenium.remote.codec.w3c.W3CHttpResponseCodec.decode(W3CHttpResponseCodec.java:50)
at org.openqa.selenium.remote.HttpCommandExecutor.execute(HttpCommandExecutor.java:215)
at org.openqa.selenium.remote.service.DriverCommandExecutor.invokeExecute(DriverCommandExecutor.java:216)
at org.openqa.selenium.remote.service.DriverCommandExecutor.execute(DriverCommandExecutor.java:174)
at org.openqa.selenium.remote.RemoteWebDriver.execute(RemoteWebDriver.java:557)
at org.openqa.selenium.remote.RemoteWebElement.execute(RemoteWebElement.java:223)
at org.openqa.selenium.remote.RemoteWebElement.clear(RemoteWebElement.java:129)
at org.openqa.selenium.support.pagefactory.internal.LocatingElementHandler.invoke(LocatingElementHandler.java:51)
at jdk.proxy2/jdk.proxy2.$Proxy25.clear(Unknown Source)
at utils.ElementUtils.type(ElementUtils.java:39)
at pages.SearchPage.enterSearchCriteria(SearchPage.java:108)
at stepdefinitions.SearchSteps.userEntersInTheSearchCriteriaField(SearchSteps.java:41)
at ✽.User enters "iLife" in the Search Criteria field(file:///C:/Users/Admin/eclipse-workspace/Qafox.com/src/test/resources/features/Search.feature:48)
... Removed 5 stack frames]]>
    </failure>
  </testcase> <!-- runScenario -->
  <testcase classname="io.cucumber.testng.AbstractTestNGCucumberTests" name="runScenario" time="58.638">
    <failure type="org.openqa.selenium.InvalidElementStateException" message="invalid element state
  (Session info: MicrosoftEdge=152.0.4191.66)
Build info: version: &amp;apos;4.35.0&amp;apos;, revision: &amp;apos;1c58e5028b&amp;apos;
System info: os.name: &amp;apos;Windows 10&amp;apos;, os.arch: &amp;apos;amd64&amp;apos;, os.version: &amp;apos;10.0&amp;apos;, java.version: &amp;apos;21.0.12&amp;apos;
Driver info: org.openqa.selenium.edge.EdgeDriver
Command: [9520654d3a62e32be1b644a91c5b5dc8, clearElement {id=f.4908CF79557444DC5103F451D27D5AAA.d.BE6A4B3572D04625E8C150BC0ABC703D.e.55}]
Capabilities {acceptInsecureCerts: false, browserName: MicrosoftEdge, browserVersion: 152.0.4191.66, fedcm:accounts: true, goog:processID: 17700, ms:edgeOptions: {debuggerAddress: localhost:56364}, msedge: {msedgedriverVersion: 152.0.4191.66 (cc2931e6363a..., userDataDir: C:\Users\Admin\AppData\Loca...}, networkConnectionEnabled: false, pageLoadStrategy: normal, platformName: windows, proxy: Proxy(), se:cdp: ws://localhost:56364/devtoo..., se:cdpVersion: 152.0.4191.66, setWindowRect: true, strictFileInteractability: false, timeouts: {implicit: 0, pageLoad: 300000, script: 30000}, unhandledPromptBehavior: dismiss and notify, webauthn:extension:credBlob: true, webauthn:extension:largeBlob: true, webauthn:extension:minPinLength: true, webauthn:extension:prf: true, webauthn:virtualAuthenticators: true}
Element: [[EdgeDriver: MicrosoftEdge on windows (9520654d3a62e32be1b644a91c5b5dc8)] -&amp;gt; xpath: (//input[@id=&amp;apos;button-search&amp;apos;])[1]]
Session ID: 9520654d3a62e32be1b644a91c5b5dc8">
      <![CDATA[org.openqa.selenium.InvalidElementStateException: invalid element state
  (Session info: MicrosoftEdge=152.0.4191.66)
Build info: version: '4.35.0', revision: '1c58e5028b'
System info: os.name: 'Windows 10', os.arch: 'amd64', os.version: '10.0', java.version: '21.0.12'
Driver info: org.openqa.selenium.edge.EdgeDriver
Command: [9520654d3a62e32be1b644a91c5b5dc8, clearElement {id=f.4908CF79557444DC5103F451D27D5AAA.d.BE6A4B3572D04625E8C150BC0ABC703D.e.55}]
Capabilities {acceptInsecureCerts: false, browserName: MicrosoftEdge, browserVersion: 152.0.4191.66, fedcm:accounts: true, goog:processID: 17700, ms:edgeOptions: {debuggerAddress: localhost:56364}, msedge: {msedgedriverVersion: 152.0.4191.66 (cc2931e6363a..., userDataDir: C:\Users\Admin\AppData\Loca...}, networkConnectionEnabled: false, pageLoadStrategy: normal, platformName: windows, proxy: Proxy(), se:cdp: ws://localhost:56364/devtoo..., se:cdpVersion: 152.0.4191.66, setWindowRect: true, strictFileInteractability: false, timeouts: {implicit: 0, pageLoad: 300000, script: 30000}, unhandledPromptBehavior: dismiss and notify, webauthn:extension:credBlob: true, webauthn:extension:largeBlob: true, webauthn:extension:minPinLength: true, webauthn:extension:prf: true, webauthn:virtualAuthenticators: true}
Element: [[EdgeDriver: MicrosoftEdge on windows (9520654d3a62e32be1b644a91c5b5dc8)] -> xpath: (//input[@id='button-search'])[1]]
Session ID: 9520654d3a62e32be1b644a91c5b5dc8
at org.openqa.selenium.remote.ErrorCodec.decode(ErrorCodec.java:167)
at org.openqa.selenium.remote.codec.w3c.W3CHttpResponseCodec.decode(W3CHttpResponseCodec.java:138)
at org.openqa.selenium.remote.codec.w3c.W3CHttpResponseCodec.decode(W3CHttpResponseCodec.java:50)
at org.openqa.selenium.remote.HttpCommandExecutor.execute(HttpCommandExecutor.java:215)
at org.openqa.selenium.remote.service.DriverCommandExecutor.invokeExecute(DriverCommandExecutor.java:216)
at org.openqa.selenium.remote.service.DriverCommandExecutor.execute(DriverCommandExecutor.java:174)
at org.openqa.selenium.remote.RemoteWebDriver.execute(RemoteWebDriver.java:557)
at org.openqa.selenium.remote.RemoteWebElement.execute(RemoteWebElement.java:223)
at org.openqa.selenium.remote.RemoteWebElement.clear(RemoteWebElement.java:129)
at org.openqa.selenium.support.pagefactory.internal.LocatingElementHandler.invoke(LocatingElementHandler.java:51)
at jdk.proxy2/jdk.proxy2.$Proxy25.clear(Unknown Source)
at utils.ElementUtils.type(ElementUtils.java:39)
at pages.SearchPage.enterSearchCriteria(SearchPage.java:108)
at stepdefinitions.SearchSteps.userEntersInTheSearchCriteriaField(SearchSteps.java:41)
at ✽.User enters "iMac" in the Search Criteria field(file:///C:/Users/Admin/eclipse-workspace/Qafox.com/src/test/resources/features/Search.feature:57)
... Removed 5 stack frames]]>
    </failure>
  </testcase> <!-- runScenario -->
  <testcase classname="io.cucumber.testng.AbstractTestNGCucumberTests" name="runScenario" time="84.779">
    <failure type="org.openqa.selenium.InvalidElementStateException" message="invalid element state
  (Session info: MicrosoftEdge=152.0.4191.66)
Build info: version: &amp;apos;4.35.0&amp;apos;, revision: &amp;apos;1c58e5028b&amp;apos;
System info: os.name: &amp;apos;Windows 10&amp;apos;, os.arch: &amp;apos;amd64&amp;apos;, os.version: &amp;apos;10.0&amp;apos;, java.version: &amp;apos;21.0.12&amp;apos;
Driver info: org.openqa.selenium.edge.EdgeDriver
Command: [597f502782265db6cd68d00f8b1c17c5, clearElement {id=f.48B6BA5A63CBFBC03770898FF4826828.d.BFC5133D95CD78708888172942CB0755.e.34}]
Capabilities {acceptInsecureCerts: false, browserName: MicrosoftEdge, browserVersion: 152.0.4191.66, fedcm:accounts: true, goog:processID: 24904, ms:edgeOptions: {debuggerAddress: localhost:56462}, msedge: {msedgedriverVersion: 152.0.4191.66 (cc2931e6363a..., userDataDir: C:\Users\Admin\AppData\Loca...}, networkConnectionEnabled: false, pageLoadStrategy: normal, platformName: windows, proxy: Proxy(), se:cdp: ws://localhost:56462/devtoo..., se:cdpVersion: 152.0.4191.66, setWindowRect: true, strictFileInteractability: false, timeouts: {implicit: 0, pageLoad: 300000, script: 30000}, unhandledPromptBehavior: dismiss and notify, webauthn:extension:credBlob: true, webauthn:extension:largeBlob: true, webauthn:extension:minPinLength: true, webauthn:extension:prf: true, webauthn:virtualAuthenticators: true}
Element: [[EdgeDriver: MicrosoftEdge on windows (597f502782265db6cd68d00f8b1c17c5)] -&amp;gt; xpath: (//input[@id=&amp;apos;button-search&amp;apos;])[1]]
Session ID: 597f502782265db6cd68d00f8b1c17c5">
      <![CDATA[org.openqa.selenium.InvalidElementStateException: invalid element state
  (Session info: MicrosoftEdge=152.0.4191.66)
Build info: version: '4.35.0', revision: '1c58e5028b'
System info: os.name: 'Windows 10', os.arch: 'amd64', os.version: '10.0', java.version: '21.0.12'
Driver info: org.openqa.selenium.edge.EdgeDriver
Command: [597f502782265db6cd68d00f8b1c17c5, clearElement {id=f.48B6BA5A63CBFBC03770898FF4826828.d.BFC5133D95CD78708888172942CB0755.e.34}]
Capabilities {acceptInsecureCerts: false, browserName: MicrosoftEdge, browserVersion: 152.0.4191.66, fedcm:accounts: true, goog:processID: 24904, ms:edgeOptions: {debuggerAddress: localhost:56462}, msedge: {msedgedriverVersion: 152.0.4191.66 (cc2931e6363a..., userDataDir: C:\Users\Admin\AppData\Loca...}, networkConnectionEnabled: false, pageLoadStrategy: normal, platformName: windows, proxy: Proxy(), se:cdp: ws://localhost:56462/devtoo..., se:cdpVersion: 152.0.4191.66, setWindowRect: true, strictFileInteractability: false, timeouts: {implicit: 0, pageLoad: 300000, script: 30000}, unhandledPromptBehavior: dismiss and notify, webauthn:extension:credBlob: true, webauthn:extension:largeBlob: true, webauthn:extension:minPinLength: true, webauthn:extension:prf: true, webauthn:virtualAuthenticators: true}
Element: [[EdgeDriver: MicrosoftEdge on windows (597f502782265db6cd68d00f8b1c17c5)] -> xpath: (//input[@id='button-search'])[1]]
Session ID: 597f502782265db6cd68d00f8b1c17c5
at org.openqa.selenium.remote.ErrorCodec.decode(ErrorCodec.java:167)
at org.openqa.selenium.remote.codec.w3c.W3CHttpResponseCodec.decode(W3CHttpResponseCodec.java:138)
at org.openqa.selenium.remote.codec.w3c.W3CHttpResponseCodec.decode(W3CHttpResponseCodec.java:50)
at org.openqa.selenium.remote.HttpCommandExecutor.execute(HttpCommandExecutor.java:215)
at org.openqa.selenium.remote.service.DriverCommandExecutor.invokeExecute(DriverCommandExecutor.java:216)
at org.openqa.selenium.remote.service.DriverCommandExecutor.execute(DriverCommandExecutor.java:174)
at org.openqa.selenium.remote.RemoteWebDriver.execute(RemoteWebDriver.java:557)
at org.openqa.selenium.remote.RemoteWebElement.execute(RemoteWebElement.java:223)
at org.openqa.selenium.remote.RemoteWebElement.clear(RemoteWebElement.java:129)
at org.openqa.selenium.support.pagefactory.internal.LocatingElementHandler.invoke(LocatingElementHandler.java:51)
at jdk.proxy2/jdk.proxy2.$Proxy25.clear(Unknown Source)
at utils.ElementUtils.type(ElementUtils.java:39)
at pages.SearchPage.enterSearchCriteria(SearchPage.java:108)
at stepdefinitions.SearchSteps.userEntersInTheSearchCriteriaField(SearchSteps.java:41)
at ✽.User enters "iMac" in the Search Criteria field(file:///C:/Users/Admin/eclipse-workspace/Qafox.com/src/test/resources/features/Search.feature:66)
... Removed 5 stack frames]]>
    </failure>
  </testcase> <!-- runScenario -->
  <testcase classname="io.cucumber.testng.AbstractTestNGCucumberTests" name="runScenario" time="74.961"/>
  <testcase classname="io.cucumber.testng.AbstractTestNGCucumberTests" name="runScenario" time="73.921"/>
  <testcase classname="io.cucumber.testng.AbstractTestNGCucumberTests" name="runScenario" time="42.042"/>
  <testcase classname="io.cucumber.testng.AbstractTestNGCucumberTests" name="runScenario" time="55.147"/>
  <testcase classname="io.cucumber.testng.AbstractTestNGCucumberTests" name="runScenario" time="61.917"/>
  <testcase classname="io.cucumber.testng.AbstractTestNGCucumberTests" name="runScenario" time="35.726"/>
  <testcase classname="io.cucumber.testng.AbstractTestNGCucumberTests" name="runScenario" time="50.479"/>
  <testcase classname="io.cucumber.testng.AbstractTestNGCucumberTests" name="runScenario" time="25.794"/>
  <testcase classname="io.cucumber.testng.AbstractTestNGCucumberTests" name="runScenario" time="5.193"/>
  <testcase classname="io.cucumber.testng.AbstractTestNGCucumberTests" name="runScenario" time="6.708"/>
  <testcase classname="io.cucumber.testng.AbstractTestNGCucumberTests" name="runScenario" time="4.039"/>
  <testcase classname="io.cucumber.testng.AbstractTestNGCucumberTests" name="runScenario" time="2.553"/>
  <testcase classname="io.cucumber.testng.AbstractTestNGCucumberTests" name="runScenario" time="2.826"/>
</testsuite> <!-- Edge Test -->
