<?xml version="1.0" encoding="UTF-8"?>
<testsuite xmlns:xsi="http://www.w3.org/2001/XMLSchema-instance" xsi:noNamespaceSchemaLocation="https://maven.apache.org/surefire/maven-surefire-plugin/xsd/surefire-test-report.xsd" version="3.0.2" name="runners.TestRunner" time="29.107" tests="22" errors="0" skipped="0" failures="0">
  <properties>
[...]
</properties>
  <testcase name="runScenario[&quot;Verify searching with an existing Product Name&quot;, &quot;Search Functionality&quot;](1)" classname="runners.TestRunner" time="2.789">
    <system-out><![CDATA[
@TC_SF_001
&amp#27;[1mScenario:&amp#27;[22m Verify searching with an existing Product Name  &amp#27;[90m# file:///C:/Users/Admin/eclipse-workspace/Qafox.com/src/test/resources/features/Search.feature:4&amp#27;[39m
  &amp#27;[32m✔&amp#27;[39m &amp#27;[32m&amp#27;[1mGiven &amp#27;[22mUser opens the Application&amp#27;[39m                      &amp#27;[90m# stepdefinitions.SearchSteps.useropensapplication()&amp#27;[39m
  &amp#27;[32m✔&amp#27;[39m &amp#27;[32m&amp#27;[1mWhen &amp#27;[22mUser enters &amp#27;[1m"iMac"&amp#27;[22m in the Search field&amp#27;[39m           &amp#27;[90m# stepdefinitions.SearchSteps.userenterssearch(java.lang.String)&amp#27;[39m
  &amp#27;[32m✔&amp#27;[39m &amp#27;[32m&amp#27;[1mAnd &amp#27;[22mUser clicks the Search button&amp#27;[39m                     &amp#27;[90m# stepdefinitions.SearchSteps.userclickssearch()&amp#27;[39m
  &amp#27;[32m✔&amp#27;[39m &amp#27;[32m&amp#27;[1mThen &amp#27;[22m&amp#27;[1m"iMac"&amp#27;[22m should be displayed in the search results&amp#27;[39m &amp#27;[90m# stepdefinitions.SearchSteps.productshouldbedisplayed(java.lang.String)&amp#27;[39m
]]></system-out>
    <system-err><![CDATA[SLF4J(W): No SLF4J providers were found.
SLF4J(W): Defaulting to no-operation (NOP) logger implementation
SLF4J(W): See https://www.slf4j.org/codes.html#noProviders for further details.
]]></system-err>
  </testcase>
  <testcase name="runScenario[&quot;Verify searching with a non existing Product Name&quot;, &quot;Search Functionality&quot;](2)" classname="runners.TestRunner" time="0.26">
    <system-out><![CDATA[
@TC_SF_002
&amp#27;[1mScenario:&amp#27;[22m Verify searching with a non existing Product Name &amp#27;[90m# file:///C:/Users/Admin/eclipse-workspace/Qafox.com/src/test/resources/features/Search.feature:11&amp#27;[39m
  &amp#27;[32m✔&amp#27;[39m &amp#27;[32m&amp#27;[1mGiven &amp#27;[22mUser opens the Application&amp#27;[39m                        &amp#27;[90m# stepdefinitions.SearchSteps.useropensapplication()&amp#27;[39m
  &amp#27;[32m✔&amp#27;[39m &amp#27;[32m&amp#27;[1mWhen &amp#27;[22mUser enters &amp#27;[1m"Fitbit"&amp#27;[22m in the Search field&amp#27;[39m           &amp#27;[90m# stepdefinitions.SearchSteps.userenterssearch(java.lang.String)&amp#27;[39m
  &amp#27;[32m✔&amp#27;[39m &amp#27;[32m&amp#27;[1mAnd &amp#27;[22mUser clicks the Search button&amp#27;[39m                       &amp#27;[90m# stepdefinitions.SearchSteps.userclickssearch()&amp#27;[39m
  &amp#27;[32m✔&amp#27;[39m &amp#27;[32m&amp#27;[1mThen &amp#27;[22mno matching product message should be displayed&amp#27;[39m    &amp#27;[90m# stepdefinitions.SearchSteps.noproductmessage()&amp#27;[39m
]]></system-out>
  </testcase>
  <testcase name="runScenario[&quot;Verify searching without providing Product Name&quot;, &quot;Search Functionality&quot;](3)" classname="runners.TestRunner" time="0.172">
    <system-out><![CDATA[
@TC_SF_003
&amp#27;[1mScenario:&amp#27;[22m Verify searching without providing Product Name &amp#27;[90m# file:///C:/Users/Admin/eclipse-workspace/Qafox.com/src/test/resources/features/Search.feature:18&amp#27;[39m
  &amp#27;[32m✔&amp#27;[39m &amp#27;[32m&amp#27;[1mGiven &amp#27;[22mUser opens the Application&amp#27;[39m                      &amp#27;[90m# stepdefinitions.SearchSteps.useropensapplication()&amp#27;[39m
  &amp#27;[32m✔&amp#27;[39m &amp#27;[32m&amp#27;[1mWhen &amp#27;[22mUser leaves the Search field empty&amp#27;[39m               &amp#27;[90m# stepdefinitions.SearchSteps.leavesearchempty()&amp#27;[39m
  &amp#27;[32m✔&amp#27;[39m &amp#27;[32m&amp#27;[1mAnd &amp#27;[22mUser clicks the Search button&amp#27;[39m                     &amp#27;[90m# stepdefinitions.SearchSteps.userclickssearch()&amp#27;[39m
  &amp#27;[32m✔&amp#27;[39m &amp#27;[32m&amp#27;[1mThen &amp#27;[22mno matching product message should be displayed&amp#27;[39m  &amp#27;[90m# stepdefinitions.SearchSteps.noproductmessage()&amp#27;[39m
]]></system-out>
  </testcase>
  <testcase name="runScenario[&quot;Verify searching after login&quot;, &quot;Search Functionality&quot;](4)" classname="runners.TestRunner" time="0.198">
    <system-out><![CDATA[
@TC_SF_004
&amp#27;[1mScenario:&amp#27;[22m Verify searching after login                    &amp#27;[90m# file:///C:/Users/Admin/eclipse-workspace/Qafox.com/src/test/resources/features/Search.feature:25&amp#27;[39m
  &amp#27;[32m✔&amp#27;[39m &amp#27;[32m&amp#27;[1mGiven &amp#27;[22mUser opens the Application&amp#27;[39m                      &amp#27;[90m# stepdefinitions.SearchSteps.useropensapplication()&amp#27;[39m
  &amp#27;[32m✔&amp#27;[39m &amp#27;[32m&amp#27;[1mWhen &amp#27;[22mUser logs into the Application&amp#27;[39m                   &amp#27;[90m# stepdefinitions.SearchSteps.userlogsintoapplication()&amp#27;[39m
  &amp#27;[32m✔&amp#27;[39m &amp#27;[32m&amp#27;[1mAnd &amp#27;[22mUser enters &amp#27;[1m"iMac"&amp#27;[22m in the Search field&amp#27;[39m            &amp#27;[90m# stepdefinitions.SearchSteps.userenterssearch(java.lang.String)&amp#27;[39m
  &amp#27;[32m✔&amp#27;[39m &amp#27;[32m&amp#27;[1mAnd &amp#27;[22mUser clicks the Search button&amp#27;[39m                     &amp#27;[90m# stepdefinitions.SearchSteps.userclickssearch()&amp#27;[39m
  &amp#27;[32m✔&amp#27;[39m &amp#27;[32m&amp#27;[1mThen &amp#27;[22m&amp#27;[1m"iMac"&amp#27;[22m should be displayed in the search results&amp#27;[39m &amp#27;[90m# stepdefinitions.SearchSteps.productshouldbedisplayed(java.lang.String)&amp#27;[39m
]]></system-out>
  </testcase>
  <testcase name="runScenario[&quot;Verify search criteria returning multiple products&quot;, &quot;Search Functionality&quot;](5)" classname="runners.TestRunner" time="0.144">
    <system-out><![CDATA[
@TC_SF_005
&amp#27;[1mScenario:&amp#27;[22m Verify search criteria returning multiple products &amp#27;[90m# file:///C:/Users/Admin/eclipse-workspace/Qafox.com/src/test/resources/features/Search.feature:33&amp#27;[39m
  &amp#27;[32m✔&amp#27;[39m &amp#27;[32m&amp#27;[1mGiven &amp#27;[22mUser opens the Application&amp#27;[39m                         &amp#27;[90m# stepdefinitions.SearchSteps.useropensapplication()&amp#27;[39m
  &amp#27;[32m✔&amp#27;[39m &amp#27;[32m&amp#27;[1mWhen &amp#27;[22mUser enters &amp#27;[1m"Mac"&amp#27;[22m in the Search field&amp#27;[39m               &amp#27;[90m# stepdefinitions.SearchSteps.userenterssearch(java.lang.String)&amp#27;[39m
  &amp#27;[32m✔&amp#27;[39m &amp#27;[32m&amp#27;[1mAnd &amp#27;[22mUser clicks the Search button&amp#27;[39m                        &amp#27;[90m# stepdefinitions.SearchSteps.userclickssearch()&amp#27;[39m
  &amp#27;[32m✔&amp#27;[39m &amp#27;[32m&amp#27;[1mThen &amp#27;[22mmore than one product should be displayed&amp#27;[39m           &amp#27;[90m# stepdefinitions.SearchSteps.multipleproducts()&amp#27;[39m
]]></system-out>
  </testcase>
  <testcase name="runScenario[&quot;Verify Search textbox placeholder&quot;, &quot;Search Functionality&quot;](6)" classname="runners.TestRunner" time="0.085">
    <system-out><![CDATA[
@TC_SF_006
&amp#27;[1mScenario:&amp#27;[22m Verify Search textbox placeholder &amp#27;[90m# file:///C:/Users/Admin/eclipse-workspace/Qafox.com/src/test/resources/features/Search.feature:40&amp#27;[39m
  &amp#27;[32m✔&amp#27;[39m &amp#27;[32m&amp#27;[1mGiven &amp#27;[22mUser opens the Application&amp#27;[39m        &amp#27;[90m# stepdefinitions.SearchSteps.useropensapplication()&amp#27;[39m
  &amp#27;[32m✔&amp#27;[39m &amp#27;[32m&amp#27;[1mThen &amp#27;[22mSearch field should be displayed&amp#27;[39m   &amp#27;[90m# stepdefinitions.SearchSteps.searchfielddisplayed()&amp#27;[39m
]]></system-out>
  </testcase>
  <testcase name="runScenario[&quot;Verify Search using product description&quot;, &quot;Search Functionality&quot;](7)" classname="runners.TestRunner" time="0.182">
    <system-out><![CDATA[
@TC_SF_007
&amp#27;[1mScenario:&amp#27;[22m Verify Search using product description         &amp#27;[90m# file:///C:/Users/Admin/eclipse-workspace/Qafox.com/src/test/resources/features/Search.feature:45&amp#27;[39m
  &amp#27;[32m✔&amp#27;[39m &amp#27;[32m&amp#27;[1mGiven &amp#27;[22mUser opens the Application&amp#27;[39m                      &amp#27;[90m# stepdefinitions.SearchSteps.useropensapplication()&amp#27;[39m
  &amp#27;[32m✔&amp#27;[39m &amp#27;[32m&amp#27;[1mAnd &amp#27;[22mUser clicks the Search button&amp#27;[39m                     &amp#27;[90m# stepdefinitions.SearchSteps.userclickssearch()&amp#27;[39m
  &amp#27;[32m✔&amp#27;[39m &amp#27;[32m&amp#27;[1mWhen &amp#27;[22mUser enters &amp#27;[1m"iLife"&amp#27;[22m in the Search Criteria field&amp#27;[39m &amp#27;[90m# stepdefinitions.SearchSteps.userEntersInTheSearchCriteriaField(java.lang.String)&amp#27;[39m
  &amp#27;[32m✔&amp#27;[39m &amp#27;[32m&amp#27;[1mAnd &amp#27;[22mUser enables search in product descriptions&amp#27;[39m       &amp#27;[90m# stepdefinitions.SearchSteps.enabledescription()&amp#27;[39m
  &amp#27;[32m✔&amp#27;[39m &amp#27;[32m&amp#27;[1mAnd &amp#27;[22mUser clicks the Search Criteria button&amp#27;[39m            &amp#27;[90m# stepdefinitions.SearchSteps.userClicksTheSearchCriteriaButton()&amp#27;[39m
  &amp#27;[32m✔&amp#27;[39m &amp#27;[32m&amp#27;[1mThen &amp#27;[22m&amp#27;[1m"iMac"&amp#27;[22m should be displayed in the search results&amp#27;[39m &amp#27;[90m# stepdefinitions.SearchSteps.productshouldbedisplayed(java.lang.String)&amp#27;[39m
]]></system-out>
  </testcase>
  <testcase name="runScenario[&quot;Verify Search by selecting category&quot;, &quot;Search Functionality&quot;](8)" classname="runners.TestRunner" time="0.205">
    <system-out><![CDATA[
@TC_SF_008
&amp#27;[1mScenario:&amp#27;[22m Verify Search by selecting category             &amp#27;[90m# file:///C:/Users/Admin/eclipse-workspace/Qafox.com/src/test/resources/features/Search.feature:54&amp#27;[39m
  &amp#27;[32m✔&amp#27;[39m &amp#27;[32m&amp#27;[1mGiven &amp#27;[22mUser opens the Application&amp#27;[39m                      &amp#27;[90m# stepdefinitions.SearchSteps.useropensapplication()&amp#27;[39m
  &amp#27;[32m✔&amp#27;[39m &amp#27;[32m&amp#27;[1mAnd &amp#27;[22mUser clicks the Search button&amp#27;[39m                     &amp#27;[90m# stepdefinitions.SearchSteps.userclickssearch()&amp#27;[39m
  &amp#27;[32m✔&amp#27;[39m &amp#27;[32m&amp#27;[1mWhen &amp#27;[22mUser enters &amp#27;[1m"iMac"&amp#27;[22m in the Search Criteria field&amp#27;[39m  &amp#27;[90m# stepdefinitions.SearchSteps.userEntersInTheSearchCriteriaField(java.lang.String)&amp#27;[39m
  &amp#27;[32m✔&amp#27;[39m &amp#27;[32m&amp#27;[1mAnd &amp#27;[22mUser selects category &amp#27;[1m"Desktops"&amp#27;[22m&amp#27;[39m                  &amp#27;[90m# stepdefinitions.SearchSteps.selectcategory(java.lang.String)&amp#27;[39m
  &amp#27;[32m✔&amp#27;[39m &amp#27;[32m&amp#27;[1mAnd &amp#27;[22mUser clicks the Search Criteria button&amp#27;[39m            &amp#27;[90m# stepdefinitions.SearchSteps.userClicksTheSearchCriteriaButton()&amp#27;[39m
  &amp#27;[32m✔&amp#27;[39m &amp#27;[32m&amp#27;[1mThen &amp#27;[22m&amp#27;[1m"iMac"&amp#27;[22m should be displayed in the search results&amp#27;[39m &amp#27;[90m# stepdefinitions.SearchSteps.productshouldbedisplayed(java.lang.String)&amp#27;[39m
]]></system-out>
  </testcase>
  <testcase name="runScenario[&quot;Verify Search by selecting subcategories&quot;, &quot;Search Functionality&quot;](9)" classname="runners.TestRunner" time="0.146">
    <system-out><![CDATA[
@TC_SF_009
&amp#27;[1mScenario:&amp#27;[22m Verify Search by selecting subcategories        &amp#27;[90m# file:///C:/Users/Admin/eclipse-workspace/Qafox.com/src/test/resources/features/Search.feature:63&amp#27;[39m
  &amp#27;[32m✔&amp#27;[39m &amp#27;[32m&amp#27;[1mGiven &amp#27;[22mUser opens the Application&amp#27;[39m                      &amp#27;[90m# stepdefinitions.SearchSteps.useropensapplication()&amp#27;[39m
  &amp#27;[32m✔&amp#27;[39m &amp#27;[32m&amp#27;[1mAnd &amp#27;[22mUser clicks the Search button&amp#27;[39m                     &amp#27;[90m# stepdefinitions.SearchSteps.userclickssearch()&amp#27;[39m
  &amp#27;[32m✔&amp#27;[39m &amp#27;[32m&amp#27;[1mWhen &amp#27;[22mUser enters &amp#27;[1m"iMac"&amp#27;[22m in the Search Criteria field&amp#27;[39m  &amp#27;[90m# stepdefinitions.SearchSteps.userEntersInTheSearchCriteriaField(java.lang.String)&amp#27;[39m
  &amp#27;[32m✔&amp#27;[39m &amp#27;[32m&amp#27;[1mAnd &amp#27;[22mUser selects category &amp#27;[1m"Desktops"&amp#27;[22m&amp#27;[39m                  &amp#27;[90m# stepdefinitions.SearchSteps.selectcategory(java.lang.String)&amp#27;[39m
  &amp#27;[32m✔&amp#27;[39m &amp#27;[32m&amp#27;[1mAnd &amp#27;[22mUser enables search in subcategories&amp#27;[39m              &amp#27;[90m# stepdefinitions.SearchSteps.enablesubcategory()&amp#27;[39m
  &amp#27;[32m✔&amp#27;[39m &amp#27;[32m&amp#27;[1mAnd &amp#27;[22mUser clicks the Search Criteria button&amp#27;[39m            &amp#27;[90m# stepdefinitions.SearchSteps.userClicksTheSearchCriteriaButton()&amp#27;[39m
  &amp#27;[32m✔&amp#27;[39m &amp#27;[32m&amp#27;[1mThen &amp#27;[22m&amp#27;[1m"iMac"&amp#27;[22m should be displayed in the search results&amp#27;[39m &amp#27;[90m# stepdefinitions.SearchSteps.productshouldbedisplayed(java.lang.String)&amp#27;[39m
]]></system-out>
  </testcase>
  <testcase name="runScenario[&quot;Verify List and Grid views with one product&quot;, &quot;Search Functionality&quot;](10)" classname="runners.TestRunner" time="0.198">
    <system-out><![CDATA[
@TC_SF_010
&amp#27;[1mScenario:&amp#27;[22m Verify List and Grid views with one product &amp#27;[90m# file:///C:/Users/Admin/eclipse-workspace/Qafox.com/src/test/resources/features/Search.feature:73&amp#27;[39m
  &amp#27;[32m✔&amp#27;[39m &amp#27;[32m&amp#27;[1mGiven &amp#27;[22mUser opens the Application&amp#27;[39m                  &amp#27;[90m# stepdefinitions.SearchSteps.useropensapplication()&amp#27;[39m
  &amp#27;[32m✔&amp#27;[39m &amp#27;[32m&amp#27;[1mWhen &amp#27;[22mUser enters &amp#27;[1m"iMac"&amp#27;[22m in the Search field&amp#27;[39m       &amp#27;[90m# stepdefinitions.SearchSteps.userenterssearch(java.lang.String)&amp#27;[39m
  &amp#27;[32m✔&amp#27;[39m &amp#27;[32m&amp#27;[1mAnd &amp#27;[22mUser clicks the Search button&amp#27;[39m                 &amp#27;[90m# stepdefinitions.SearchSteps.userclickssearch()&amp#27;[39m
  &amp#27;[32m✔&amp#27;[39m &amp#27;[32m&amp#27;[1mAnd &amp#27;[22mUser selects List view&amp#27;[39m                        &amp#27;[90m# stepdefinitions.SearchSteps.selectlistview()&amp#27;[39m
  &amp#27;[32m✔&amp#27;[39m &amp#27;[32m&amp#27;[1mThen &amp#27;[22mList view should be displayed&amp#27;[39m                &amp#27;[90m# stepdefinitions.SearchSteps.verifylistview()&amp#27;[39m
  &amp#27;[32m✔&amp#27;[39m &amp#27;[32m&amp#27;[1mWhen &amp#27;[22mUser selects Grid view&amp#27;[39m                       &amp#27;[90m# stepdefinitions.SearchSteps.selectgridview()&amp#27;[39m
  &amp#27;[32m✔&amp#27;[39m &amp#27;[32m&amp#27;[1mThen &amp#27;[22mGrid view should be displayed&amp#27;[39m                &amp#27;[90m# stepdefinitions.SearchSteps.verifygridview()&amp#27;[39m
]]></system-out>
  </testcase>
  <testcase name="runScenario[&quot;Verify List and Grid views with multiple products&quot;, &quot;Search Functionality&quot;](11)" classname="runners.TestRunner" time="0.213">
    <system-out><![CDATA[
@TC_SF_011
&amp#27;[1mScenario:&amp#27;[22m Verify List and Grid views with multiple products &amp#27;[90m# file:///C:/Users/Admin/eclipse-workspace/Qafox.com/src/test/resources/features/Search.feature:83&amp#27;[39m
  &amp#27;[32m✔&amp#27;[39m &amp#27;[32m&amp#27;[1mGiven &amp#27;[22mUser opens the Application&amp#27;[39m                        &amp#27;[90m# stepdefinitions.SearchSteps.useropensapplication()&amp#27;[39m
  &amp#27;[32m✔&amp#27;[39m &amp#27;[32m&amp#27;[1mWhen &amp#27;[22mUser enters &amp#27;[1m"Mac"&amp#27;[22m in the Search field&amp#27;[39m              &amp#27;[90m# stepdefinitions.SearchSteps.userenterssearch(java.lang.String)&amp#27;[39m
  &amp#27;[32m✔&amp#27;[39m &amp#27;[32m&amp#27;[1mAnd &amp#27;[22mUser clicks the Search button&amp#27;[39m                       &amp#27;[90m# stepdefinitions.SearchSteps.userclickssearch()&amp#27;[39m
  &amp#27;[32m✔&amp#27;[39m &amp#27;[32m&amp#27;[1mAnd &amp#27;[22mUser selects List view&amp#27;[39m                              &amp#27;[90m# stepdefinitions.SearchSteps.selectlistview()&amp#27;[39m
  &amp#27;[32m✔&amp#27;[39m &amp#27;[32m&amp#27;[1mThen &amp#27;[22mList view should be displayed&amp#27;[39m                      &amp#27;[90m# stepdefinitions.SearchSteps.verifylistview()&amp#27;[39m
  &amp#27;[32m✔&amp#27;[39m &amp#27;[32m&amp#27;[1mWhen &amp#27;[22mUser selects Grid view&amp#27;[39m                             &amp#27;[90m# stepdefinitions.SearchSteps.selectgridview()&amp#27;[39m
  &amp#27;[32m✔&amp#27;[39m &amp#27;[32m&amp#27;[1mThen &amp#27;[22mGrid view should be displayed&amp#27;[39m                      &amp#27;[90m# stepdefinitions.SearchSteps.verifygridview()&amp#27;[39m
]]></system-out>
  </testcase>
  <testcase name="runScenario[&quot;Verify user can sort products&quot;, &quot;Search Functionality&quot;](12)" classname="runners.TestRunner" time="0.096">
    <system-out><![CDATA[
@TC_SF_012
&amp#27;[1mScenario:&amp#27;[22m Verify user can sort products            &amp#27;[90m# file:///C:/Users/Admin/eclipse-workspace/Qafox.com/src/test/resources/features/Search.feature:93&amp#27;[39m
  &amp#27;[32m✔&amp#27;[39m &amp#27;[32m&amp#27;[1mGiven &amp#27;[22mUser opens the Application&amp#27;[39m               &amp#27;[90m# stepdefinitions.SearchSteps.useropensapplication()&amp#27;[39m
  &amp#27;[32m✔&amp#27;[39m &amp#27;[32m&amp#27;[1mWhen &amp#27;[22mUser enters &amp#27;[1m"Mac"&amp#27;[22m in the Search field&amp#27;[39m     &amp#27;[90m# stepdefinitions.SearchSteps.userenterssearch(java.lang.String)&amp#27;[39m
  &amp#27;[32m✔&amp#27;[39m &amp#27;[32m&amp#27;[1mAnd &amp#27;[22mUser clicks the Search button&amp#27;[39m              &amp#27;[90m# stepdefinitions.SearchSteps.userclickssearch()&amp#27;[39m
  &amp#27;[32m✔&amp#27;[39m &amp#27;[32m&amp#27;[1mAnd &amp#27;[22mUser selects Sort By option &amp#27;[1m"Name (A - Z)"&amp#27;[22m&amp#27;[39m &amp#27;[90m# stepdefinitions.SearchSteps.selectsort(java.lang.String)&amp#27;[39m
  &amp#27;[32m✔&amp#27;[39m &amp#27;[32m&amp#27;[1mThen &amp#27;[22mmore than one product should be displayed&amp#27;[39m &amp#27;[90m# stepdefinitions.SearchSteps.multipleproducts()&amp#27;[39m
]]></system-out>
  </testcase>
  <testcase name="runScenario[&quot;Verify navigation to Product Compare&quot;, &quot;Search Functionality&quot;](13)" classname="runners.TestRunner" time="0.163">
    <system-out><![CDATA[
@TC_SF_013
&amp#27;[1mScenario:&amp#27;[22m Verify navigation to Product Compare    &amp#27;[90m# file:///C:/Users/Admin/eclipse-workspace/Qafox.com/src/test/resources/features/Search.feature:101&amp#27;[39m
  &amp#27;[32m✔&amp#27;[39m &amp#27;[32m&amp#27;[1mGiven &amp#27;[22mUser opens the Application&amp#27;[39m              &amp#27;[90m# stepdefinitions.SearchSteps.useropensapplication()&amp#27;[39m
  &amp#27;[32m✔&amp#27;[39m &amp#27;[32m&amp#27;[1mWhen &amp#27;[22mUser enters &amp#27;[1m"iMac"&amp#27;[22m in the Search field&amp#27;[39m   &amp#27;[90m# stepdefinitions.SearchSteps.userenterssearch(java.lang.String)&amp#27;[39m
  &amp#27;[32m✔&amp#27;[39m &amp#27;[32m&amp#27;[1mAnd &amp#27;[22mUser clicks the Search button&amp#27;[39m             &amp#27;[90m# stepdefinitions.SearchSteps.userclickssearch()&amp#27;[39m
  &amp#27;[32m✔&amp#27;[39m &amp#27;[32m&amp#27;[1mAnd &amp#27;[22mUser clicks Product Compare&amp#27;[39m               &amp#27;[90m# stepdefinitions.SearchSteps.clickproductcompare()&amp#27;[39m
  &amp#27;[32m✔&amp#27;[39m &amp#27;[32m&amp#27;[1mThen &amp#27;[22mProduct Compare page should be displayed&amp#27;[39m &amp#27;[90m# stepdefinitions.SearchSteps.verifycomparepage()&amp#27;[39m
]]></system-out>
  </testcase>
  <testcase name="runScenario[&quot;Verify number of products displayed&quot;, &quot;Search Functionality&quot;](14)" classname="runners.TestRunner" time="0.138">
    <system-out><![CDATA[
@TC_SF_014
&amp#27;[1mScenario:&amp#27;[22m Verify number of products displayed      &amp#27;[90m# file:///C:/Users/Admin/eclipse-workspace/Qafox.com/src/test/resources/features/Search.feature:109&amp#27;[39m
  &amp#27;[32m✔&amp#27;[39m &amp#27;[32m&amp#27;[1mGiven &amp#27;[22mUser opens the Application&amp#27;[39m               &amp#27;[90m# stepdefinitions.SearchSteps.useropensapplication()&amp#27;[39m
  &amp#27;[32m✔&amp#27;[39m &amp#27;[32m&amp#27;[1mWhen &amp#27;[22mUser enters &amp#27;[1m"Mac"&amp#27;[22m in the Search field&amp#27;[39m     &amp#27;[90m# stepdefinitions.SearchSteps.userenterssearch(java.lang.String)&amp#27;[39m
  &amp#27;[32m✔&amp#27;[39m &amp#27;[32m&amp#27;[1mAnd &amp#27;[22mUser clicks the Search button&amp#27;[39m              &amp#27;[90m# stepdefinitions.SearchSteps.userclickssearch()&amp#27;[39m
  &amp#27;[32m✔&amp#27;[39m &amp#27;[32m&amp#27;[1mAnd &amp#27;[22mUser selects Show option &amp#27;[1m"25"&amp#27;[22m&amp#27;[39m              &amp#27;[90m# stepdefinitions.SearchSteps.selectshow(java.lang.String)&amp#27;[39m
  &amp#27;[32m✔&amp#27;[39m &amp#27;[32m&amp#27;[1mThen &amp#27;[22mmore than one product should be displayed&amp#27;[39m &amp#27;[90m# stepdefinitions.SearchSteps.multipleproducts()&amp#27;[39m
]]></system-out>
  </testcase>
  <testcase name="runScenario[&quot;Verify Search textbox and Search icon&quot;, &quot;Search Functionality&quot;](15)" classname="runners.TestRunner" time="0.093">
    <system-out><![CDATA[
@TC_SF_015
&amp#27;[1mScenario:&amp#27;[22m Verify Search textbox and Search icon &amp#27;[90m# file:///C:/Users/Admin/eclipse-workspace/Qafox.com/src/test/resources/features/Search.feature:117&amp#27;[39m
  &amp#27;[32m✔&amp#27;[39m &amp#27;[32m&amp#27;[1mGiven &amp#27;[22mUser opens the Application&amp#27;[39m            &amp#27;[90m# stepdefinitions.SearchSteps.useropensapplication()&amp#27;[39m
  &amp#27;[32m✔&amp#27;[39m &amp#27;[32m&amp#27;[1mThen &amp#27;[22mSearch field should be displayed&amp#27;[39m       &amp#27;[90m# stepdefinitions.SearchSteps.searchfielddisplayed()&amp#27;[39m
  &amp#27;[32m✔&amp#27;[39m &amp#27;[32m&amp#27;[1mAnd &amp#27;[22mSearch button should be displayed&amp#27;[39m       &amp#27;[90m# stepdefinitions.SearchSteps.searchbuttondisplayed()&amp#27;[39m
]]></system-out>
  </testcase>
  <testcase name="runScenario[&quot;Verify Search field on application page&quot;, &quot;Search Functionality&quot;](16)" classname="runners.TestRunner" time="0.094">
    <system-out><![CDATA[
@TC_SF_016
&amp#27;[1mScenario:&amp#27;[22m Verify Search field on application page &amp#27;[90m# file:///C:/Users/Admin/eclipse-workspace/Qafox.com/src/test/resources/features/Search.feature:123&amp#27;[39m
  &amp#27;[32m✔&amp#27;[39m &amp#27;[32m&amp#27;[1mGiven &amp#27;[22mUser opens the Application&amp#27;[39m              &amp#27;[90m# stepdefinitions.SearchSteps.useropensapplication()&amp#27;[39m
  &amp#27;[32m✔&amp#27;[39m &amp#27;[32m&amp#27;[1mThen &amp#27;[22mSearch field should be displayed&amp#27;[39m         &amp#27;[90m# stepdefinitions.SearchSteps.searchfielddisplayed()&amp#27;[39m
  &amp#27;[32m✔&amp#27;[39m &amp#27;[32m&amp#27;[1mAnd &amp#27;[22mSearch button should be displayed&amp#27;[39m         &amp#27;[90m# stepdefinitions.SearchSteps.searchbuttondisplayed()&amp#27;[39m
]]></system-out>
  </testcase>
  <testcase name="runScenario[&quot;Verify navigation to Search page from Site Map&quot;, &quot;Search Functionality&quot;](17)" classname="runners.TestRunner" time="0.103">
    <system-out><![CDATA[
@TC_SF_017
&amp#27;[1mScenario:&amp#27;[22m Verify navigation to Search page from Site Map &amp#27;[90m# file:///C:/Users/Admin/eclipse-workspace/Qafox.com/src/test/resources/features/Search.feature:129&amp#27;[39m
  &amp#27;[32m✔&amp#27;[39m &amp#27;[32m&amp#27;[1mGiven &amp#27;[22mUser opens the Application&amp#27;[39m                     &amp#27;[90m# stepdefinitions.SearchSteps.useropensapplication()&amp#27;[39m
  &amp#27;[32m✔&amp#27;[39m &amp#27;[32m&amp#27;[1mWhen &amp#27;[22mUser navigates to Search page&amp#27;[39m                   &amp#27;[90m# stepdefinitions.SearchSteps.navigatetosearchpage()&amp#27;[39m
  &amp#27;[32m✔&amp#27;[39m &amp#27;[32m&amp#27;[1mThen &amp#27;[22mSearch field should be displayed&amp#27;[39m                &amp#27;[90m# stepdefinitions.SearchSteps.searchfielddisplayed()&amp#27;[39m
]]></system-out>
  </testcase>
  <testcase name="runScenario[&quot;Verify Breadcrumb of Search page&quot;, &quot;Search Functionality&quot;](18)" classname="runners.TestRunner" time="0.09">
    <system-out><![CDATA[
@TC_SF_018
&amp#27;[1mScenario:&amp#27;[22m Verify Breadcrumb of Search page      &amp#27;[90m# file:///C:/Users/Admin/eclipse-workspace/Qafox.com/src/test/resources/features/Search.feature:135&amp#27;[39m
  &amp#27;[32m✔&amp#27;[39m &amp#27;[32m&amp#27;[1mGiven &amp#27;[22mUser opens the Application&amp#27;[39m            &amp#27;[90m# stepdefinitions.SearchSteps.useropensapplication()&amp#27;[39m
  &amp#27;[32m✔&amp#27;[39m &amp#27;[32m&amp#27;[1mWhen &amp#27;[22mUser enters &amp#27;[1m"iMac"&amp#27;[22m in the Search field&amp#27;[39m &amp#27;[90m# stepdefinitions.SearchSteps.userenterssearch(java.lang.String)&amp#27;[39m
  &amp#27;[32m✔&amp#27;[39m &amp#27;[32m&amp#27;[1mAnd &amp#27;[22mUser clicks the Search button&amp#27;[39m           &amp#27;[90m# stepdefinitions.SearchSteps.userclickssearch()&amp#27;[39m
  &amp#27;[32m✔&amp#27;[39m &amp#27;[32m&amp#27;[1mThen &amp#27;[22mSearch breadcrumb should be displayed&amp#27;[39m  &amp#27;[90m# stepdefinitions.SearchSteps.searchbreadcrumb()&amp#27;[39m
]]></system-out>
  </testcase>
  <testcase name="runScenario[&quot;Verify Search using keyboard&quot;, &quot;Search Functionality&quot;](19)" classname="runners.TestRunner" time="0.074">
    <system-out><![CDATA[
@TC_SF_019
&amp#27;[1mScenario:&amp#27;[22m Verify Search using keyboard                    &amp#27;[90m# file:///C:/Users/Admin/eclipse-workspace/Qafox.com/src/test/resources/features/Search.feature:142&amp#27;[39m
  &amp#27;[32m✔&amp#27;[39m &amp#27;[32m&amp#27;[1mGiven &amp#27;[22mUser opens the Application&amp#27;[39m                      &amp#27;[90m# stepdefinitions.SearchSteps.useropensapplication()&amp#27;[39m
  &amp#27;[32m✔&amp#27;[39m &amp#27;[32m&amp#27;[1mWhen &amp#27;[22mUser performs search using keyboard&amp#27;[39m              &amp#27;[90m# stepdefinitions.SearchSteps.keyboardsearch()&amp#27;[39m
  &amp#27;[32m✔&amp#27;[39m &amp#27;[32m&amp#27;[1mThen &amp#27;[22m&amp#27;[1m"iMac"&amp#27;[22m should be displayed in the search results&amp#27;[39m &amp#27;[90m# stepdefinitions.SearchSteps.productshouldbedisplayed(java.lang.String)&amp#27;[39m
]]></system-out>
  </testcase>
  <testcase name="runScenario[&quot;Verify Search page Heading Title and URL&quot;, &quot;Search Functionality&quot;](20)" classname="runners.TestRunner" time="0.137">
    <system-out><![CDATA[
@TC_SF_020
&amp#27;[1mScenario:&amp#27;[22m Verify Search page Heading Title and URL &amp#27;[90m# file:///C:/Users/Admin/eclipse-workspace/Qafox.com/src/test/resources/features/Search.feature:148&amp#27;[39m
  &amp#27;[32m✔&amp#27;[39m &amp#27;[32m&amp#27;[1mGiven &amp#27;[22mUser opens the Application&amp#27;[39m               &amp#27;[90m# stepdefinitions.SearchSteps.useropensapplication()&amp#27;[39m
  &amp#27;[32m✔&amp#27;[39m &amp#27;[32m&amp#27;[1mWhen &amp#27;[22mUser enters &amp#27;[1m"iMac"&amp#27;[22m in the Search field&amp#27;[39m    &amp#27;[90m# stepdefinitions.SearchSteps.userenterssearch(java.lang.String)&amp#27;[39m
  &amp#27;[32m✔&amp#27;[39m &amp#27;[32m&amp#27;[1mAnd &amp#27;[22mUser clicks the Search button&amp#27;[39m              &amp#27;[90m# stepdefinitions.SearchSteps.userclickssearch()&amp#27;[39m
  &amp#27;[32m✔&amp#27;[39m &amp#27;[32m&amp#27;[1mThen &amp#27;[22mSearch page heading should be displayed&amp#27;[39m   &amp#27;[90m# stepdefinitions.SearchSteps.searchheading()&amp#27;[39m
  &amp#27;[32m✔&amp#27;[39m &amp#27;[32m&amp#27;[1mAnd &amp#27;[22mSearch page title should be displayed&amp#27;[39m      &amp#27;[90m# stepdefinitions.SearchSteps.searchtitle()&amp#27;[39m
  &amp#27;[32m✔&amp#27;[39m &amp#27;[32m&amp#27;[1mAnd &amp#27;[22mSearch page URL should be displayed&amp#27;[39m        &amp#27;[90m# stepdefinitions.SearchSteps.searchurl()&amp#27;[39m
]]></system-out>
  </testcase>
  <testcase name="runScenario[&quot;Verify Search UI&quot;, &quot;Search Functionality&quot;](21)" classname="runners.TestRunner" time="0.05">
    <system-out><![CDATA[
@TC_SF_021
&amp#27;[1mScenario:&amp#27;[22m Verify Search UI                       &amp#27;[90m# file:///C:/Users/Admin/eclipse-workspace/Qafox.com/src/test/resources/features/Search.feature:157&amp#27;[39m
  &amp#27;[32m✔&amp#27;[39m &amp#27;[32m&amp#27;[1mGiven &amp#27;[22mUser opens the Application&amp#27;[39m             &amp#27;[90m# stepdefinitions.SearchSteps.useropensapplication()&amp#27;[39m
  &amp#27;[32m✔&amp#27;[39m &amp#27;[32m&amp#27;[1mThen &amp#27;[22mSearch UI should be displayed correctly&amp#27;[39m &amp#27;[90m# stepdefinitions.SearchSteps.searchui()&amp#27;[39m
]]></system-out>
  </testcase>
  <testcase name="runScenario[&quot;Verify Search functionality&quot;, &quot;Search Functionality&quot;](22)" classname="runners.TestRunner" time="0.107">
    <system-out><![CDATA[
@TC_SF_022
&amp#27;[1mScenario:&amp#27;[22m Verify Search functionality                     &amp#27;[90m# file:///C:/Users/Admin/eclipse-workspace/Qafox.com/src/test/resources/features/Search.feature:162&amp#27;[39m
  &amp#27;[32m✔&amp#27;[39m &amp#27;[32m&amp#27;[1mGiven &amp#27;[22mUser opens the Application&amp#27;[39m                      &amp#27;[90m# stepdefinitions.SearchSteps.useropensapplication()&amp#27;[39m
  &amp#27;[32m✔&amp#27;[39m &amp#27;[32m&amp#27;[1mWhen &amp#27;[22mUser enters &amp#27;[1m"iMac"&amp#27;[22m in the Search field&amp#27;[39m           &amp#27;[90m# stepdefinitions.SearchSteps.userenterssearch(java.lang.String)&amp#27;[39m
  &amp#27;[32m✔&amp#27;[39m &amp#27;[32m&amp#27;[1mAnd &amp#27;[22mUser clicks the Search button&amp#27;[39m                     &amp#27;[90m# stepdefinitions.SearchSteps.userclickssearch()&amp#27;[39m
  &amp#27;[32m✔&amp#27;[39m &amp#27;[32m&amp#27;[1mThen &amp#27;[22m&amp#27;[1m"iMac"&amp#27;[22m should be displayed in the search results&amp#27;[39m &amp#27;[90m# stepdefinitions.SearchSteps.productshouldbedisplayed(java.lang.String)&amp#27;[39m
]]></system-out>
  </testcase>
</testsuite>