<?xml version="1.0" encoding="UTF-8"?>
<!-- Generated by org.testng.reporters.JUnitReportReporter -->
<testsuite hostname="DESKTOP-TQBE52O" failures="0" tests="22" name="runners.ChromeRunner" time="1083.715" errors="3" timestamp="2026-09-07T16:49:08 IST" skipped="0">
  <testcase classname="runners.ChromeRunner" name="runScenario" time="71.889">
    <error message="invalid element state
  (Session info: chrome=151.0.7922.174)
Build info: version: &#039;4.35.0&#039;, revision: &#039;1c58e5028b&#039;
System info: os.name: &#039;Windows 10&#039;, os.arch: &#039;amd64&#039;, os.version: &#039;10.0&#039;, java.version: &#039;21.0.12&#039;
Driver info: org.openqa.selenium.chrome.ChromeDriver
Command: [2fc0c9f717b4b7c34d851a89c41be2e7, clearElement {id=f.66698A5FB63599650AE1878E0C2E5341.d.A371803B503DDD8C8FA1CDF493B9E10B.e.53}]
Capabilities {acceptInsecureCerts: false, browserName: chrome, browserVersion: 151.0.7922.174, chrome: {chromedriverVersion: 151.0.7922.138 (41fa8244239..., userDataDir: C:\Users\Admin\AppData\Loca...}, fedcm:accounts: true, goog:chromeOptions: {debuggerAddress: localhost:56168}, goog:processID: 20988, networkConnectionEnabled: false, pageLoadStrategy: normal, platformName: windows, proxy: Proxy(), se:cdp: ws://localhost:56168/devtoo..., se:cdpVersion: 151.0.7922.174, setWindowRect: true, strictFileInteractability: false, timeouts: {implicit: 0, pageLoad: 300000, script: 30000}, unhandledPromptBehavior: dismiss and notify, webauthn:extension:credBlob: true, webauthn:extension:largeBlob: true, webauthn:extension:minPinLength: true, webauthn:extension:prf: true, webauthn:virtualAuthenticators: true}
Element: [[ChromeDriver: chrome on windows (2fc0c9f717b4b7c34d851a89c41be2e7)] -&gt; xpath: (//input[@id=&#039;button-search&#039;])[1]]
Session ID: 2fc0c9f717b4b7c34d851a89c41be2e7" type="org.openqa.selenium.InvalidElementStateException">
      <![CDATA[org.openqa.selenium.InvalidElementStateException: invalid element state
  (Session info: chrome=151.0.7922.174)
Build info: version: '4.35.0', revision: '1c58e5028b'
System info: os.name: 'Windows 10', os.arch: 'amd64', os.version: '10.0', java.version: '21.0.12'
Driver info: org.openqa.selenium.chrome.ChromeDriver
Command: [2fc0c9f717b4b7c34d851a89c41be2e7, clearElement {id=f.66698A5FB63599650AE1878E0C2E5341.d.A371803B503DDD8C8FA1CDF493B9E10B.e.53}]
Capabilities {acceptInsecureCerts: false, browserName: chrome, browserVersion: 151.0.7922.174, chrome: {chromedriverVersion: 151.0.7922.138 (41fa8244239..., userDataDir: C:\Users\Admin\AppData\Loca...}, fedcm:accounts: true, goog:chromeOptions: {debuggerAddress: localhost:56168}, goog:processID: 20988, networkConnectionEnabled: false, pageLoadStrategy: normal, platformName: windows, proxy: Proxy(), se:cdp: ws://localhost:56168/devtoo..., se:cdpVersion: 151.0.7922.174, setWindowRect: true, strictFileInteractability: false, timeouts: {implicit: 0, pageLoad: 300000, script: 30000}, unhandledPromptBehavior: dismiss and notify, webauthn:extension:credBlob: true, webauthn:extension:largeBlob: true, webauthn:extension:minPinLength: true, webauthn:extension:prf: true, webauthn:virtualAuthenticators: true}
Element: [[ChromeDriver: chrome on windows (2fc0c9f717b4b7c34d851a89c41be2e7)] -> xpath: (//input[@id='button-search'])[1]]
Session ID: 2fc0c9f717b4b7c34d851a89c41be2e7
at java.base/jdk.internal.reflect.DirectConstructorHandleAccessor.newInstance(DirectConstructorHandleAccessor.java:62)
at java.base/java.lang.reflect.Constructor.newInstanceWithCaller(Constructor.java:502)
at java.base/java.lang.reflect.Constructor.newInstance(Constructor.java:486)
at org.openqa.selenium.remote.ErrorCodec.decode(ErrorCodec.java:167)
at org.openqa.selenium.remote.codec.w3c.W3CHttpResponseCodec.decode(W3CHttpResponseCodec.java:138)
at org.openqa.selenium.remote.codec.w3c.W3CHttpResponseCodec.decode(W3CHttpResponseCodec.java:50)
at org.openqa.selenium.remote.HttpCommandExecutor.execute(HttpCommandExecutor.java:215)
at org.openqa.selenium.remote.service.DriverCommandExecutor.invokeExecute(DriverCommandExecutor.java:216)
at org.openqa.selenium.remote.service.DriverCommandExecutor.execute(DriverCommandExecutor.java:174)
at org.openqa.selenium.remote.RemoteWebDriver.execute(RemoteWebDriver.java:557)
at org.openqa.selenium.remote.RemoteWebElement.execute(RemoteWebElement.java:223)
at org.openqa.selenium.remote.RemoteWebElement.clear(RemoteWebElement.java:129)
at java.base/jdk.internal.reflect.DirectMethodHandleAccessor.invoke(DirectMethodHandleAccessor.java:103)
at java.base/java.lang.reflect.Method.invoke(Method.java:580)
at org.openqa.selenium.support.pagefactory.internal.LocatingElementHandler.invoke(LocatingElementHandler.java:51)
at jdk.proxy2/jdk.proxy2.$Proxy25.clear(Unknown Source)
at utils.ElementUtils.type(ElementUtils.java:39)
at pages.SearchPage.enterSearchCriteria(SearchPage.java:108)
at stepdefinitions.SearchSteps.userEntersInTheSearchCriteriaField(SearchSteps.java:41)
at ✽.User enters "iLife" in the Search Criteria field(file:///C:/Users/Admin/eclipse-workspace/Qafox.com/src/test/resources/features/Search.feature:48)
]]>
    </error>
  </testcase> <!-- runScenario -->
  <testcase classname="runners.ChromeRunner" name="runScenario" time="69.318"/>
  <testcase classname="runners.ChromeRunner" name="runScenario" time="54.809"/>
  <testcase classname="runners.ChromeRunner" name="runScenario" time="81.262"/>
  <testcase classname="runners.ChromeRunner" name="runScenario" time="41.789"/>
  <testcase classname="runners.ChromeRunner" name="runScenario" time="88.818"/>
  <testcase classname="runners.ChromeRunner" name="runScenario" time="73.712"/>
  <testcase classname="runners.ChromeRunner" name="runScenario" time="84.633">
    <error message="invalid element state
  (Session info: chrome=151.0.7922.174)
Build info: version: &#039;4.35.0&#039;, revision: &#039;1c58e5028b&#039;
System info: os.name: &#039;Windows 10&#039;, os.arch: &#039;amd64&#039;, os.version: &#039;10.0&#039;, java.version: &#039;21.0.12&#039;
Driver info: org.openqa.selenium.chrome.ChromeDriver
Command: [c1ad812099ad89261936f9f9774b17de, clearElement {id=f.A5D263A7CD32FE670799505A9D88DEED.d.15FD0D8E8EB97E3504381AE30F6C2C5D.e.54}]
Capabilities {acceptInsecureCerts: false, browserName: chrome, browserVersion: 151.0.7922.174, chrome: {chromedriverVersion: 151.0.7922.138 (41fa8244239..., userDataDir: C:\Users\Admin\AppData\Loca...}, fedcm:accounts: true, goog:chromeOptions: {debuggerAddress: localhost:56284}, goog:processID: 24820, networkConnectionEnabled: false, pageLoadStrategy: normal, platformName: windows, proxy: Proxy(), se:cdp: ws://localhost:56284/devtoo..., se:cdpVersion: 151.0.7922.174, setWindowRect: true, strictFileInteractability: false, timeouts: {implicit: 0, pageLoad: 300000, script: 30000}, unhandledPromptBehavior: dismiss and notify, webauthn:extension:credBlob: true, webauthn:extension:largeBlob: true, webauthn:extension:minPinLength: true, webauthn:extension:prf: true, webauthn:virtualAuthenticators: true}
Element: [[ChromeDriver: chrome on windows (c1ad812099ad89261936f9f9774b17de)] -&gt; xpath: (//input[@id=&#039;button-search&#039;])[1]]
Session ID: c1ad812099ad89261936f9f9774b17de" type="org.openqa.selenium.InvalidElementStateException">
      <![CDATA[org.openqa.selenium.InvalidElementStateException: invalid element state
  (Session info: chrome=151.0.7922.174)
Build info: version: '4.35.0', revision: '1c58e5028b'
System info: os.name: 'Windows 10', os.arch: 'amd64', os.version: '10.0', java.version: '21.0.12'
Driver info: org.openqa.selenium.chrome.ChromeDriver
Command: [c1ad812099ad89261936f9f9774b17de, clearElement {id=f.A5D263A7CD32FE670799505A9D88DEED.d.15FD0D8E8EB97E3504381AE30F6C2C5D.e.54}]
Capabilities {acceptInsecureCerts: false, browserName: chrome, browserVersion: 151.0.7922.174, chrome: {chromedriverVersion: 151.0.7922.138 (41fa8244239..., userDataDir: C:\Users\Admin\AppData\Loca...}, fedcm:accounts: true, goog:chromeOptions: {debuggerAddress: localhost:56284}, goog:processID: 24820, networkConnectionEnabled: false, pageLoadStrategy: normal, platformName: windows, proxy: Proxy(), se:cdp: ws://localhost:56284/devtoo..., se:cdpVersion: 151.0.7922.174, setWindowRect: true, strictFileInteractability: false, timeouts: {implicit: 0, pageLoad: 300000, script: 30000}, unhandledPromptBehavior: dismiss and notify, webauthn:extension:credBlob: true, webauthn:extension:largeBlob: true, webauthn:extension:minPinLength: true, webauthn:extension:prf: true, webauthn:virtualAuthenticators: true}
Element: [[ChromeDriver: chrome on windows (c1ad812099ad89261936f9f9774b17de)] -> xpath: (//input[@id='button-search'])[1]]
Session ID: c1ad812099ad89261936f9f9774b17de
at java.base/jdk.internal.reflect.DirectConstructorHandleAccessor.newInstance(DirectConstructorHandleAccessor.java:62)
at java.base/java.lang.reflect.Constructor.newInstanceWithCaller(Constructor.java:502)
at java.base/java.lang.reflect.Constructor.newInstance(Constructor.java:486)
at org.openqa.selenium.remote.ErrorCodec.decode(ErrorCodec.java:167)
at org.openqa.selenium.remote.codec.w3c.W3CHttpResponseCodec.decode(W3CHttpResponseCodec.java:138)
at org.openqa.selenium.remote.codec.w3c.W3CHttpResponseCodec.decode(W3CHttpResponseCodec.java:50)
at org.openqa.selenium.remote.HttpCommandExecutor.execute(HttpCommandExecutor.java:215)
at org.openqa.selenium.remote.service.DriverCommandExecutor.invokeExecute(DriverCommandExecutor.java:216)
at org.openqa.selenium.remote.service.DriverCommandExecutor.execute(DriverCommandExecutor.java:174)
at org.openqa.selenium.remote.RemoteWebDriver.execute(RemoteWebDriver.java:557)
at org.openqa.selenium.remote.RemoteWebElement.execute(RemoteWebElement.java:223)
at org.openqa.selenium.remote.RemoteWebElement.clear(RemoteWebElement.java:129)
at java.base/jdk.internal.reflect.DirectMethodHandleAccessor.invoke(DirectMethodHandleAccessor.java:103)
at java.base/java.lang.reflect.Method.invoke(Method.java:580)
at org.openqa.selenium.support.pagefactory.internal.LocatingElementHandler.invoke(LocatingElementHandler.java:51)
at jdk.proxy2/jdk.proxy2.$Proxy25.clear(Unknown Source)
at utils.ElementUtils.type(ElementUtils.java:39)
at pages.SearchPage.enterSearchCriteria(SearchPage.java:108)
at stepdefinitions.SearchSteps.userEntersInTheSearchCriteriaField(SearchSteps.java:41)
at ✽.User enters "iMac" in the Search Criteria field(file:///C:/Users/Admin/eclipse-workspace/Qafox.com/src/test/resources/features/Search.feature:57)
]]>
    </error>
  </testcase> <!-- runScenario -->
  <testcase classname="runners.ChromeRunner" name="runScenario" time="21.943"/>
  <testcase classname="runners.ChromeRunner" name="runScenario" time="51.634"/>
  <testcase classname="runners.ChromeRunner" name="runScenario" time="18.144"/>
  <testcase classname="runners.ChromeRunner" name="runScenario" time="6.758"/>
  <testcase classname="runners.ChromeRunner" name="runScenario" time="76.454"/>
  <testcase classname="runners.ChromeRunner" name="runScenario" time="26.650"/>
  <testcase classname="runners.ChromeRunner" name="runScenario" time="25.251"/>
  <testcase classname="runners.ChromeRunner" name="runScenario" time="58.750">
    <error message="invalid element state
  (Session info: chrome=151.0.7922.174)
Build info: version: &#039;4.35.0&#039;, revision: &#039;1c58e5028b&#039;
System info: os.name: &#039;Windows 10&#039;, os.arch: &#039;amd64&#039;, os.version: &#039;10.0&#039;, java.version: &#039;21.0.12&#039;
Driver info: org.openqa.selenium.chrome.ChromeDriver
Command: [23073d6872d7b6d1466329313fe7700f, clearElement {id=f.C9ABB635B1A1EF2B5A332DD203A03D1D.d.D12842BC318AD005C1D2D7F3E31FF783.e.55}]
Capabilities {acceptInsecureCerts: false, browserName: chrome, browserVersion: 151.0.7922.174, chrome: {chromedriverVersion: 151.0.7922.138 (41fa8244239..., userDataDir: C:\Users\Admin\AppData\Loca...}, fedcm:accounts: true, goog:chromeOptions: {debuggerAddress: localhost:56362}, goog:processID: 2872, networkConnectionEnabled: false, pageLoadStrategy: normal, platformName: windows, proxy: Proxy(), se:cdp: ws://localhost:56362/devtoo..., se:cdpVersion: 151.0.7922.174, setWindowRect: true, strictFileInteractability: false, timeouts: {implicit: 0, pageLoad: 300000, script: 30000}, unhandledPromptBehavior: dismiss and notify, webauthn:extension:credBlob: true, webauthn:extension:largeBlob: true, webauthn:extension:minPinLength: true, webauthn:extension:prf: true, webauthn:virtualAuthenticators: true}
Element: [[ChromeDriver: chrome on windows (23073d6872d7b6d1466329313fe7700f)] -&gt; xpath: (//input[@id=&#039;button-search&#039;])[1]]
Session ID: 23073d6872d7b6d1466329313fe7700f" type="org.openqa.selenium.InvalidElementStateException">
      <![CDATA[org.openqa.selenium.InvalidElementStateException: invalid element state
  (Session info: chrome=151.0.7922.174)
Build info: version: '4.35.0', revision: '1c58e5028b'
System info: os.name: 'Windows 10', os.arch: 'amd64', os.version: '10.0', java.version: '21.0.12'
Driver info: org.openqa.selenium.chrome.ChromeDriver
Command: [23073d6872d7b6d1466329313fe7700f, clearElement {id=f.C9ABB635B1A1EF2B5A332DD203A03D1D.d.D12842BC318AD005C1D2D7F3E31FF783.e.55}]
Capabilities {acceptInsecureCerts: false, browserName: chrome, browserVersion: 151.0.7922.174, chrome: {chromedriverVersion: 151.0.7922.138 (41fa8244239..., userDataDir: C:\Users\Admin\AppData\Loca...}, fedcm:accounts: true, goog:chromeOptions: {debuggerAddress: localhost:56362}, goog:processID: 2872, networkConnectionEnabled: false, pageLoadStrategy: normal, platformName: windows, proxy: Proxy(), se:cdp: ws://localhost:56362/devtoo..., se:cdpVersion: 151.0.7922.174, setWindowRect: true, strictFileInteractability: false, timeouts: {implicit: 0, pageLoad: 300000, script: 30000}, unhandledPromptBehavior: dismiss and notify, webauthn:extension:credBlob: true, webauthn:extension:largeBlob: true, webauthn:extension:minPinLength: true, webauthn:extension:prf: true, webauthn:virtualAuthenticators: true}
Element: [[ChromeDriver: chrome on windows (23073d6872d7b6d1466329313fe7700f)] -> xpath: (//input[@id='button-search'])[1]]
Session ID: 23073d6872d7b6d1466329313fe7700f
at java.base/jdk.internal.reflect.DirectConstructorHandleAccessor.newInstance(DirectConstructorHandleAccessor.java:62)
at java.base/java.lang.reflect.Constructor.newInstanceWithCaller(Constructor.java:502)
at java.base/java.lang.reflect.Constructor.newInstance(Constructor.java:486)
at org.openqa.selenium.remote.ErrorCodec.decode(ErrorCodec.java:167)
at org.openqa.selenium.remote.codec.w3c.W3CHttpResponseCodec.decode(W3CHttpResponseCodec.java:138)
at org.openqa.selenium.remote.codec.w3c.W3CHttpResponseCodec.decode(W3CHttpResponseCodec.java:50)
at org.openqa.selenium.remote.HttpCommandExecutor.execute(HttpCommandExecutor.java:215)
at org.openqa.selenium.remote.service.DriverCommandExecutor.invokeExecute(DriverCommandExecutor.java:216)
at org.openqa.selenium.remote.service.DriverCommandExecutor.execute(DriverCommandExecutor.java:174)
at org.openqa.selenium.remote.RemoteWebDriver.execute(RemoteWebDriver.java:557)
at org.openqa.selenium.remote.RemoteWebElement.execute(RemoteWebElement.java:223)
at org.openqa.selenium.remote.RemoteWebElement.clear(RemoteWebElement.java:129)
at java.base/jdk.internal.reflect.DirectMethodHandleAccessor.invoke(DirectMethodHandleAccessor.java:103)
at java.base/java.lang.reflect.Method.invoke(Method.java:580)
at org.openqa.selenium.support.pagefactory.internal.LocatingElementHandler.invoke(LocatingElementHandler.java:51)
at jdk.proxy2/jdk.proxy2.$Proxy25.clear(Unknown Source)
at utils.ElementUtils.type(ElementUtils.java:39)
at pages.SearchPage.enterSearchCriteria(SearchPage.java:108)
at stepdefinitions.SearchSteps.userEntersInTheSearchCriteriaField(SearchSteps.java:41)
at ✽.User enters "iMac" in the Search Criteria field(file:///C:/Users/Admin/eclipse-workspace/Qafox.com/src/test/resources/features/Search.feature:66)
]]>
    </error>
  </testcase> <!-- runScenario -->
  <testcase classname="runners.ChromeRunner" name="runScenario" time="39.237"/>
  <testcase classname="runners.ChromeRunner" name="runScenario" time="45.277"/>
  <testcase classname="runners.ChromeRunner" name="runScenario" time="5.049"/>
  <testcase classname="runners.ChromeRunner" name="runScenario" time="66.624"/>
  <testcase classname="runners.ChromeRunner" name="runScenario" time="41.760"/>
  <testcase classname="runners.ChromeRunner" name="runScenario" time="33.954"/>
</testsuite> <!-- runners.ChromeRunner -->
