<?xml version="1.0" encoding="UTF-8"?>
<!-- Generated by org.testng.reporters.JUnitReportReporter -->
<testsuite hostname="DESKTOP-TQBE52O" failures="0" tests="22" name="runners.TestRunner" time="4.683" errors="0" timestamp="2026-09-01T16:02:40 IST" skipped="0">
  <testcase classname="runners.TestRunner" name="runScenario" time="0.149"/>
  <testcase classname="runners.TestRunner" name="runScenario" time="0.164"/>
  <testcase classname="runners.TestRunner" name="runScenario" time="0.071"/>
  <testcase classname="runners.TestRunner" name="runScenario" time="2.209"/>
  <testcase classname="runners.TestRunner" name="runScenario" time="0.110"/>
  <testcase classname="runners.TestRunner" name="runScenario" time="0.100"/>
  <testcase classname="runners.TestRunner" name="runScenario" time="0.107"/>
  <testcase classname="runners.TestRunner" name="runScenario" time="0.184"/>
  <testcase classname="runners.TestRunner" name="runScenario" time="0.144"/>
  <testcase classname="runners.TestRunner" name="runScenario" time="0.118"/>
  <testcase classname="runners.TestRunner" name="runScenario" time="0.186"/>
  <testcase classname="runners.TestRunner" name="runScenario" time="0.105"/>
  <testcase classname="runners.TestRunner" name="runScenario" time="0.075"/>
  <testcase classname="runners.TestRunner" name="runScenario" time="0.108"/>
  <testcase classname="runners.TestRunner" name="runScenario" time="0.130"/>
  <testcase classname="runners.TestRunner" name="runScenario" time="0.086"/>
  <testcase classname="runners.TestRunner" name="runScenario" time="0.154"/>
  <testcase classname="runners.TestRunner" name="runScenario" time="0.089"/>
  <testcase classname="runners.TestRunner" name="runScenario" time="0.157"/>
  <testcase classname="runners.TestRunner" name="runScenario" time="0.070"/>
  <testcase classname="runners.TestRunner" name="runScenario" time="0.072"/>
  <testcase classname="runners.TestRunner" name="runScenario" time="0.095"/>
</testsuite> <!-- runners.TestRunner -->
