<?xml version="1.0" encoding="UTF-8"?>
<!-- Generated by org.testng.reporters.JUnitReportReporter -->
<testsuite hostname="DESKTOP-TQBE52O" failures="0" tests="22" name="runners.TestRunner" time="5.568" errors="0" timestamp="2026-09-01T16:07:00 IST" skipped="0">
  <testcase classname="runners.TestRunner" name="runScenario" time="0.122"/>
  <testcase classname="runners.TestRunner" name="runScenario" time="0.079"/>
  <testcase classname="runners.TestRunner" name="runScenario" time="0.112"/>
  <testcase classname="runners.TestRunner" name="runScenario" time="0.171"/>
  <testcase classname="runners.TestRunner" name="runScenario" time="0.161"/>
  <testcase classname="runners.TestRunner" name="runScenario" time="0.098"/>
  <testcase classname="runners.TestRunner" name="runScenario" time="0.095"/>
  <testcase classname="runners.TestRunner" name="runScenario" time="0.083"/>
  <testcase classname="runners.TestRunner" name="runScenario" time="0.162"/>
  <testcase classname="runners.TestRunner" name="runScenario" time="0.188"/>
  <testcase classname="runners.TestRunner" name="runScenario" time="0.133"/>
  <testcase classname="runners.TestRunner" name="runScenario" time="0.120"/>
  <testcase classname="runners.TestRunner" name="runScenario" time="0.134"/>
  <testcase classname="runners.TestRunner" name="runScenario" time="0.163"/>
  <testcase classname="runners.TestRunner" name="runScenario" time="0.145"/>
  <testcase classname="runners.TestRunner" name="runScenario" time="0.137"/>
  <testcase classname="runners.TestRunner" name="runScenario" time="0.182"/>
  <testcase classname="runners.TestRunner" name="runScenario" time="0.084"/>
  <testcase classname="runners.TestRunner" name="runScenario" time="2.783"/>
  <testcase classname="runners.TestRunner" name="runScenario" time="0.201"/>
  <testcase classname="runners.TestRunner" name="runScenario" time="0.115"/>
  <testcase classname="runners.TestRunner" name="runScenario" time="0.100"/>
</testsuite> <!-- runners.TestRunner -->
